<?xml version="1.0" encoding="UTF-8"?>
<testng-results skipped="0" failed="0" total="1" passed="1">
  <reporter-output>
  </reporter-output>
  <suite name="Default suite" duration-ms="19414" started-at="2015-11-23T08:03:15Z" finished-at="2015-11-23T08:03:35Z">
    <groups>
    </groups>
    <test name="Default test" duration-ms="19414" started-at="2015-11-23T08:03:15Z" finished-at="2015-11-23T08:03:35Z">
      <class name="com.symbio.test.Selenium.Case2">
        <test-method status="PASS" signature="test2()[pri:0, instance:com.symbio.test.Selenium.Case2@4278fac9]" name="test2" duration-ms="19391" started-at="2015-11-23T16:03:15Z" finished-at="2015-11-23T16:03:35Z">
          <reporter-output>
          </reporter-output>
        </test-method> <!-- test2 -->
      </class> <!-- com.symbio.test.Selenium.Case2 -->
    </test> <!-- Default test -->
  </suite> <!-- Default suite -->
</testng-results>
